[2025-08-22 12:41:54,807] [root:38] - INFO - Start data Ingestion
[2025-08-22 12:42:02,690] [root:63] - INFO - Performed train-test split on the dataframe
[2025-08-22 12:42:02,690] [root:64] - INFO - Exited split_data_as_train_test method of DataIngestion class
[2025-08-22 12:42:02,692] [root:70] - INFO - Exporting train and test file path
[2025-08-22 12:42:03,152] [root:80] - INFO - Exported train and test file path.
[2025-08-22 12:42:03,164] [root:41] - INFO - Data Ingestion completed and artifact: DataIngestionArtifact(trained_file_path='Artifacts\\08_22_2025_12_41_54\\data_ingestion\\ingested\\train.csv', test_file_path='Artifacts\\08_22_2025_12_41_54\\data_ingestion\\ingested\\test.csv')
[2025-08-22 12:42:03,218] [root:51] - INFO - Initiate the data Validation
[2025-08-22 12:42:03,448] [root:31] - INFO - Required number of columns: 32
[2025-08-22 12:42:03,449] [root:32] - INFO - Data frame has columns: 32
[2025-08-22 12:42:03,449] [root:31] - INFO - Required number of columns: 32
[2025-08-22 12:42:03,449] [root:32] - INFO - Data frame has columns: 32
[2025-08-22 12:42:04,249] [root:61] - INFO - Entered initiate_data_transformation method of DataTransformation class
[2025-08-22 12:42:04,249] [root:63] - INFO - Starting data transformation
[2025-08-22 12:42:04,452] [root:48] - INFO - Entered get_data_transformer_object method of Transformation class
[2025-08-22 12:42:04,452] [root:51] - INFO - Initialise KNNImputer with {'missing_values': nan, 'n_neighbors': 3, 'weights': 'uniform'}
[2025-08-22 12:42:04,493] [root:46] - INFO - Entered the save_object method of MainUtils class
[2025-08-22 12:42:04,502] [root:50] - INFO - Exited the save_object method of MainUtils class
[2025-08-22 12:42:04,502] [root:46] - INFO - Entered the save_object method of MainUtils class
[2025-08-22 12:42:04,509] [root:50] - INFO - Exited the save_object method of MainUtils class
[2025-08-22 12:54:51,550] [root:46] - INFO - Entered the save_object method of MainUtils class
[2025-08-22 12:54:51,707] [root:50] - INFO - Exited the save_object method of MainUtils class
[2025-08-22 12:54:51,707] [root:46] - INFO - Entered the save_object method of MainUtils class
[2025-08-22 12:54:51,852] [root:50] - INFO - Exited the save_object method of MainUtils class
[2025-08-22 12:54:51,853] [root:125] - INFO - Model trainer artifact: ModelTrainerArtifact(trained_model_file_path='Artifacts\\08_22_2025_12_41_54\\model_trainer\\trained_model\\model.pkl', train_metric_artifact=ClassificationMetricArtifact(f1_score=0.9904315960912052, precision_score=0.9884193417310037, recall_score=0.992452060383517), test_metric_artifact=ClassificationMetricArtifact(f1_score=0.9784517158818835, precision_score=0.9800159872102319, recall_score=0.9768924302788845))
